<?xml version="1.0" encoding="UTF-8"?>
<!-- Generated by org.testng.reporters.JUnitReportReporter -->
<testsuite hostname="Proteam2023-08" failures="0" tests="1" name="com.openmrs.testRunner.TestRunner" time="49.226" errors="0" timestamp="2025-03-24T16:43:44 IST" skipped="0">
  <testcase classname="com.openmrs.testRunner.TestRunner" name="runScenario" time="49.226"/>
  <system-out/>
</testsuite> <!-- com.openmrs.testRunner.TestRunner -->
